<?xml version="1.0" encoding="UTF-8"?>
<testng-results skipped="0" failed="0" ignored="0" total="1" passed="1">
  <reporter-output>
  </reporter-output>
  <suite name="Default suite" duration-ms="13873" started-at="2017-11-03T21:33:35Z" finished-at="2017-11-03T21:33:49Z">
    <groups>
    </groups>
    <test name="Default test" duration-ms="13873" started-at="2017-11-03T21:33:35Z" finished-at="2017-11-03T21:33:49Z">
      <class name="com.count.AddressMatch.AddressMatch_Rule_22">
        <test-method status="PASS" signature="AddressMatch_Rule_24()[pri:0, instance:com.count.AddressMatch.AddressMatch_Rule_22@3e6fa38a]" name="AddressMatch_Rule_24" duration-ms="13836" started-at="2017-11-03T17:33:35Z" finished-at="2017-11-03T17:33:49Z">
          <reporter-output>
          </reporter-output>
        </test-method> <!-- AddressMatch_Rule_24 -->
      </class> <!-- com.count.AddressMatch.AddressMatch_Rule_22 -->
    </test> <!-- Default test -->
  </suite> <!-- Default suite -->
</testng-results>
