<?xml version="1.0" encoding="UTF-8"?>
<testng-results skipped="0" failed="0" ignored="0" total="1" passed="1">
  <reporter-output>
  </reporter-output>
  <suite name="Default suite" duration-ms="2921" started-at="2017-09-21T14:25:00Z" finished-at="2017-09-21T14:25:03Z">
    <groups>
    </groups>
    <test name="Default test" duration-ms="2921" started-at="2017-09-21T14:25:00Z" finished-at="2017-09-21T14:25:03Z">
      <class name="com.asurion.junit.info.FRM_Negative_Address_Test">
        <test-method status="PASS" signature="ASURION_FRM_AddressNegative_List_Test()[pri:0, instance:com.asurion.junit.info.FRM_Negative_Address_Test@5b87ed94]" name="ASURION_FRM_AddressNegative_List_Test" duration-ms="2721" started-at="2017-09-21T10:25:00Z" finished-at="2017-09-21T10:25:02Z">
          <reporter-output>
          </reporter-output>
        </test-method> <!-- ASURION_FRM_AddressNegative_List_Test -->
      </class> <!-- com.asurion.junit.info.FRM_Negative_Address_Test -->
    </test> <!-- Default test -->
  </suite> <!-- Default suite -->
</testng-results>
